bdvanceswitch/build/intermediates/manifest_merge_blame_file/debug/manifest-merger-blame-debug-report.txt
1<?xml version="1.0" encoding="utf-8"?>
2<manifest xmlns:android="http://schemas.android.com/apk/res/android"
3    xmlns:tools="http://schemas.android.com/tools"
4    package="com.superadtech.modids" >
5
6    <uses-sdk
7        android:minSdkVersion="21"
7-->src\main\AndroidManifest.xml
8        android:targetSdkVersion="33" />
8-->src\main\AndroidManifest.xml
9
10    <uses-permission android:name="android.permission.INTERNET" />
10-->src\main\AndroidManifest.xml:6:5-67
10-->src\main\AndroidManifest.xml:6:22-64
11    <uses-permission android:name="android.permission.ACCESS_NETWORK_STATE" />
11-->src\main\AndroidManifest.xml:7:5-79
11-->src\main\AndroidManifest.xml:7:22-76
12    <uses-permission android:name="android.permission.ACCESS_WIFI_STATE" />
12-->src\main\AndroidManifest.xml:8:5-76
12-->src\main\AndroidManifest.xml:8:22-73
13    <uses-permission android:name="com.google.android.gms.permission.AD_ID" />
13-->src\main\AndroidManifest.xml:9:5-78
13-->src\main\AndroidManifest.xml:9:22-76
14    <uses-permission android:name="android.permission.BLUETOOTH" />
14-->src\main\AndroidManifest.xml:10:5-68
14-->src\main\AndroidManifest.xml:10:22-65
15    <uses-permission android:name="android.permission.BLUETOOTH_ADMIN" />
15-->src\main\AndroidManifest.xml:11:5-74
15-->src\main\AndroidManifest.xml:11:22-71
16    <uses-permission android:name="android.permission.CHANGE_WIFI_STATE" />
16-->src\main\AndroidManifest.xml:12:5-76
16-->src\main\AndroidManifest.xml:12:22-73
17    <uses-permission android:name="android.permission.WRITE_SYNC_SETTINGS" />
17-->src\main\AndroidManifest.xml:13:5-78
17-->src\main\AndroidManifest.xml:13:22-75
18
19    <application
19-->src\main\AndroidManifest.xml:15:5-58:19
20        android:name="com.superadtech.modids.Applicationclass"
20-->src\main\AndroidManifest.xml:16:9-63
21        android:allowBackup="true"
21-->src\main\AndroidManifest.xml:17:9-35
22        android:icon="@drawable/logo"
22-->src\main\AndroidManifest.xml:18:9-38
23        android:label="@string/app_name"
23-->src\main\AndroidManifest.xml:19:9-41
24        android:roundIcon="@drawable/logo"
24-->src\main\AndroidManifest.xml:21:9-43
25        android:supportsRtl="true"
25-->src\main\AndroidManifest.xml:22:9-35
26        android:usesCleartextTraffic="true"
26-->src\main\AndroidManifest.xml:20:9-44
27        tools:targetApi="m" >
27-->src\main\AndroidManifest.xml:23:9-28
28        <meta-data
28-->src\main\AndroidManifest.xml:25:9-27:36
29            android:name="com.google.android.gms.ads.AD_MANAGER_APP"
29-->src\main\AndroidManifest.xml:26:13-69
30            android:value="true" />
30-->src\main\AndroidManifest.xml:27:13-33
31        <meta-data
31-->src\main\AndroidManifest.xml:29:9-31:69
32            android:name="com.google.android.gms.ads.APPLICATION_ID"
32-->src\main\AndroidManifest.xml:30:13-69
33            android:value="ca-app-pub-3940256099942544~3347511713" />
33-->src\main\AndroidManifest.xml:31:13-67
34
35        <activity
35-->src\main\AndroidManifest.xml:33:9-35:59
36            android:name="com.superadtech.modids.Top.MasterX"
36-->src\main\AndroidManifest.xml:34:13-40
37            android:theme="@style/AppTheme.Transparent" />
37-->src\main\AndroidManifest.xml:35:13-56
38        <activity
38-->src\main\AndroidManifest.xml:37:9-39:59
39            android:name="com.superadtech.modids.Top.MasterX_Feature"
39-->src\main\AndroidManifest.xml:38:13-48
40            android:theme="@style/AppTheme.Transparent" />
40-->src\main\AndroidManifest.xml:39:13-56
41        <activity
41-->src\main\AndroidManifest.xml:42:9-47:52
42            android:name="top.oneconnectapi.app.DisconnectVPNActivity"
42-->src\main\AndroidManifest.xml:43:13-71
43            android:excludeFromRecents="true"
43-->src\main\AndroidManifest.xml:44:13-46
44            android:noHistory="true"
44-->src\main\AndroidManifest.xml:45:13-37
45            android:taskAffinity=".DisconnectVPN"
45-->src\main\AndroidManifest.xml:46:13-50
46            android:theme="@style/blinkt.dialog" />
46-->src\main\AndroidManifest.xml:47:13-49
47
48        <service
48-->src\main\AndroidManifest.xml:49:9-56:19
49            android:name="top.oneconnectapi.app.core.OpenVPNService"
49-->src\main\AndroidManifest.xml:50:13-69
50            android:exported="true"
50-->src\main\AndroidManifest.xml:51:13-36
51            android:permission="android.permission.BIND_VPN_SERVICE" >
51-->src\main\AndroidManifest.xml:52:13-69
52            <intent-filter>
52-->src\main\AndroidManifest.xml:53:13-55:29
53                <action android:name="android.net.VpnService" />
53-->src\main\AndroidManifest.xml:54:17-65
53-->src\main\AndroidManifest.xml:54:25-62
54            </intent-filter>
55        </service>
56    </application>
57
58</manifest>